<?xml version="1.0" encoding="UTF-8"?>
<robot generator="Robot 7.0 (Python 3.12.8 on win32)" generated="2025-05-13T16:41:14.463158" rpa="false" schemaversion="5">
<suite id="s1" name="AT UL 53368 ScriptStorage" source="C:\Cong Viec\Demo\hhsautomation\Tests\ULE\AT_UL_53368_ScriptStorage.robot">
<kw name="Run Keywords" owner="BuiltIn" type="SETUP">
<kw name="Open Connection" owner="Keywords">
<kw name="Init Connection" owner="HHSKeywords">
<msg time="2025-05-13T16:41:17.007617" level="INFO">${data} = Init sucessfull hhs None Connection succesfully opened COM port: COM6,  with {'name': 'RS232_STD_PEGASUS', 'tag_config': '05', 'class': '2', 'baud_rate': 115200, 'parity': 'N', 'data_bit': 8, 'stop_bi...</msg>
<var>${data}</var>
<arg>hhs</arg>
<arg>${INTERFACE_NAME}</arg>
<arg>${COMPORT}</arg>
<status status="PASS" start="2025-05-13T16:41:17.007617" elapsed="0.000000"/>
</kw>
<kw name="Log" owner="BuiltIn">
<msg time="2025-05-13T16:41:17.007617" level="INFO">Init sucessfull hhs None Connection succesfully opened COM port: COM6,  with {'name': 'RS232_STD_PEGASUS', 'tag_config': '05', 'class': '2', 'baud_rate': 115200, 'parity': 'N', 'data_bit': 8, 'stop_bit': 1, 'rts': True, 'dtr': True, 'config_item': 'HA05'} interface</msg>
<arg>${data}</arg>
<arg>console=true</arg>
<doc>Logs the given message with the given level.</doc>
<status status="PASS" start="2025-05-13T16:41:17.007617" elapsed="0.000000"/>
</kw>
<arg>${INTERFACE_NAME}</arg>
<arg>${COMPORT}</arg>
<status status="PASS" start="2025-05-13T16:41:17.007617" elapsed="0.000000"/>
</kw>
<kw name="Reading Mode" owner="Keywords">
<kw name="Set Reading Mode" owner="HHSKeywords">
<msg time="2025-05-13T16:41:23.051957" level="INFO">Python WNDPROC handler failed
Traceback (most recent call last):
  File "C:\Cong Viec\Demo\hhsautomation\.venv\Lib\site-packages\testmate\Devices\Devices_Libs\usb_listener.py", line 88, in device_change_handler
    self.on_disconnect_callback(device_info)
  File "C:\Cong Viec\Demo\hhsautomation\.venv\Lib\site-packages\testmate\Devices\Devices_Libs\SerialProtocol.py", line 50, in _on_device_disconnection
    raise ConnectionError(msg)
ConnectionError: ConnectionError a device has been disconnected. Device name: \\?\USB#VID_05F9&amp;PID_4204#5&amp;c1ffe37&amp;0&amp;2#{86e0d1e0-8089-11d0-9ce4-08003e301f73} Status: Disconnected
Python WNDPROC handler failed
Traceback (most recent call last):
  File "C:\Cong Viec\Demo\hhsautomation\.venv\Lib\site-packages\testmate\Devices\Devices_Libs\usb_listener.py", line 88, in device_change_handler
    self.on_disconnect_callback(device_info)
  File "C:\Cong Viec\Demo\hhsautomation\.venv\Lib\site-packages\testmate\Devices\Devices_Libs\SerialProtocol.py", line 50, in _on_device_disconnection
    raise ConnectionError(msg)
ConnectionError: ConnectionError a device has been disconnected. Device name: \\?\USB#VID_05F9&amp;PID_4204#5&amp;c1ffe37&amp;0&amp;2#{40994dfa-45a8-4da7-8b58-acc2d7cea825} Status: Disconnected
Python WNDPROC handler failed
Traceback (most recent call last):
  File "C:\Cong Viec\Demo\hhsautomation\.venv\Lib\site-packages\testmate\Devices\Devices_Libs\usb_listener.py", line 88, in device_change_handler
    self.on_disconnect_callback(device_info)
  File "C:\Cong Viec\Demo\hhsautomation\.venv\Lib\site-packages\testmate\Devices\Devices_Libs\SerialProtocol.py", line 50, in _on_device_disconnection
    raise ConnectionError(msg)
ConnectionError: ConnectionError a device has been disconnected. Device name: \\?\USB#VID_05F9&amp;PID_4204#5&amp;c1ffe37&amp;0&amp;2#{a5dcbf10-6530-11d2-901f-00c04fb951ed} Status: Disconnected</msg>
<msg time="2025-05-13T16:41:23.051957" level="INFO">${data} = $&gt;,&gt;,&gt;</msg>
<var>${data}</var>
<arg>${READING_MODE}</arg>
<status status="PASS" start="2025-05-13T16:41:17.023380" elapsed="6.028577"/>
</kw>
<arg>${READING_MODE}</arg>
<status status="PASS" start="2025-05-13T16:41:17.023380" elapsed="6.028577"/>
</kw>
<arg>Open Connection</arg>
<arg>${INTERFACE_NAME}</arg>
<arg>${COMPORT}</arg>
<arg>AND</arg>
<arg>Reading Mode</arg>
<arg>${READING_MODE}</arg>
<doc>Executes all the given keywords in a sequence.</doc>
<status status="PASS" start="2025-05-13T16:41:17.007617" elapsed="6.044340"/>
</kw>
<test id="s1-t1" name="ULE by service port mode" line="16">
<kw name="EnterSP" owner="Keywords">
<kw name="Log" owner="BuiltIn">
<msg time="2025-05-13T16:41:23.051957" level="INFO">
Sending Command: $S</msg>
<arg>\nSending Command: $S</arg>
<arg>console=True</arg>
<doc>Logs the given message with the given level.</doc>
<status status="PASS" start="2025-05-13T16:41:23.051957" elapsed="0.000000"/>
</kw>
<kw name="Enter Service Port" owner="HHSKeywords">
<msg time="2025-05-13T16:41:23.079895" level="INFO">${data} = $&gt;</msg>
<var>${data}</var>
<status status="PASS" start="2025-05-13T16:41:23.051957" elapsed="0.027938"/>
</kw>
<kw name="Log" owner="BuiltIn">
<msg time="2025-05-13T16:41:23.079895" level="INFO">Expected--------: $&gt;</msg>
<arg>Expected--------: ${value}</arg>
<arg>console=True</arg>
<doc>Logs the given message with the given level.</doc>
<status status="PASS" start="2025-05-13T16:41:23.079895" elapsed="0.000000"/>
</kw>
<kw name="Log" owner="BuiltIn">
<msg time="2025-05-13T16:41:23.079895" level="INFO">Responded-------: $&gt;</msg>
<arg>Responded-------: ${data}</arg>
<arg>console=True</arg>
<doc>Logs the given message with the given level.</doc>
<status status="PASS" start="2025-05-13T16:41:23.079895" elapsed="0.000000"/>
</kw>
<if>
<branch type="IF" condition="$value!=None">
<kw name="Run Keyword And Continue On Failure" owner="BuiltIn">
<kw name="Should Be Equal" owner="BuiltIn">
<arg>${data}</arg>
<arg>${value}\r</arg>
<doc>Fails if the given objects are unequal.</doc>
<status status="PASS" start="2025-05-13T16:41:23.079895" elapsed="0.000000"/>
</kw>
<arg>Should Be Equal</arg>
<arg>${data}</arg>
<arg>${value}\r</arg>
<doc>Runs the keyword and continues execution even if a failure occurs.</doc>
<status status="PASS" start="2025-05-13T16:41:23.079895" elapsed="0.000000"/>
</kw>
<status status="PASS" start="2025-05-13T16:41:23.079895" elapsed="0.000000"/>
</branch>
<status status="PASS" start="2025-05-13T16:41:23.079895" elapsed="0.000000"/>
</if>
<return>
<value>${data}</value>
<status status="PASS" start="2025-05-13T16:41:23.079895" elapsed="0.000000"/>
</return>
<arg>$&gt;</arg>
<status status="PASS" start="2025-05-13T16:41:23.051957" elapsed="0.027938"/>
</kw>
<kw name="Send" owner="Keywords">
<kw name="Log" owner="BuiltIn">
<msg time="2025-05-13T16:41:23.079895" level="INFO">
Sending Command: $CLEEN01</msg>
<arg>\nSending Command: ${command}</arg>
<arg>console=True</arg>
<doc>Logs the given message with the given level.</doc>
<status status="PASS" start="2025-05-13T16:41:23.079895" elapsed="0.000000"/>
</kw>
<kw name="Send Command" owner="HHSKeywords">
<msg time="2025-05-13T16:41:23.174482" level="INFO">${data} = $&gt;</msg>
<var>${data}</var>
<arg>${command}</arg>
<status status="PASS" start="2025-05-13T16:41:23.079895" elapsed="0.094587"/>
</kw>
<kw name="Log" owner="BuiltIn">
<msg time="2025-05-13T16:41:23.174482" level="INFO">Expected-------: $&gt;</msg>
<arg>Expected-------: ${value}</arg>
<arg>console=True</arg>
<doc>Logs the given message with the given level.</doc>
<status status="PASS" start="2025-05-13T16:41:23.174482" elapsed="0.000000"/>
</kw>
<kw name="Log" owner="BuiltIn">
<msg time="2025-05-13T16:41:23.174482" level="INFO">Responded------: $&gt;</msg>
<arg>Responded------: ${data}</arg>
<arg>console=True</arg>
<doc>Logs the given message with the given level.</doc>
<status status="PASS" start="2025-05-13T16:41:23.174482" elapsed="0.000000"/>
</kw>
<if>
<branch type="IF" condition="$value!=None">
<kw name="Run Keyword And Continue On Failure" owner="BuiltIn">
<kw name="Compare Data" owner="Compare">
<arg>\nSending Command: ${command}</arg>
<arg>${data}</arg>
<arg>${value}</arg>
<status status="PASS" start="2025-05-13T16:41:23.174482" elapsed="0.000000"/>
</kw>
<msg time="2025-05-13T16:41:23.174482" level="INFO">${data} = True</msg>
<var>${data}</var>
<arg>Compare.Compare Data</arg>
<arg>\nSending Command: ${command}</arg>
<arg>${data}</arg>
<arg>${value}</arg>
<doc>Runs the keyword and continues execution even if a failure occurs.</doc>
<status status="PASS" start="2025-05-13T16:41:23.174482" elapsed="0.000000"/>
</kw>
<kw name="Run Keyword And Continue On Failure" owner="BuiltIn">
<kw name="Should Be Equal" owner="BuiltIn">
<arg>${data}</arg>
<arg>True</arg>
<doc>Fails if the given objects are unequal.</doc>
<status status="PASS" start="2025-05-13T16:41:23.174482" elapsed="0.000000"/>
</kw>
<arg>Should Be Equal</arg>
<arg>${data}</arg>
<arg>True</arg>
<doc>Runs the keyword and continues execution even if a failure occurs.</doc>
<status status="PASS" start="2025-05-13T16:41:23.174482" elapsed="0.000000"/>
</kw>
<status status="PASS" start="2025-05-13T16:41:23.174482" elapsed="0.000000"/>
</branch>
<status status="PASS" start="2025-05-13T16:41:23.174482" elapsed="0.000000"/>
</if>
<return>
<value>${data}</value>
<status status="PASS" start="2025-05-13T16:41:23.174482" elapsed="0.000000"/>
</return>
<arg>$CLEEN01</arg>
<arg>$&gt;</arg>
<status status="PASS" start="2025-05-13T16:41:23.079895" elapsed="0.094587"/>
</kw>
<kw name="Send" owner="Keywords">
<kw name="Log" owner="BuiltIn">
<msg time="2025-05-13T16:41:23.190102" level="INFO">
Sending Command: $U00000008554C4532001A0A0A</msg>
<arg>\nSending Command: ${command}</arg>
<arg>console=True</arg>
<doc>Logs the given message with the given level.</doc>
<status status="PASS" start="2025-05-13T16:41:23.190102" elapsed="0.000000"/>
</kw>
<kw name="Send Command" owner="HHSKeywords">
<msg time="2025-05-13T16:41:23.205903" level="INFO">${data} = $&gt;</msg>
<var>${data}</var>
<arg>${command}</arg>
<status status="PASS" start="2025-05-13T16:41:23.190102" elapsed="0.015801"/>
</kw>
<kw name="Log" owner="BuiltIn">
<msg time="2025-05-13T16:41:23.205903" level="INFO">Expected-------: $&gt;</msg>
<arg>Expected-------: ${value}</arg>
<arg>console=True</arg>
<doc>Logs the given message with the given level.</doc>
<status status="PASS" start="2025-05-13T16:41:23.205903" elapsed="0.000000"/>
</kw>
<kw name="Log" owner="BuiltIn">
<msg time="2025-05-13T16:41:23.205903" level="INFO">Responded------: $&gt;</msg>
<arg>Responded------: ${data}</arg>
<arg>console=True</arg>
<doc>Logs the given message with the given level.</doc>
<status status="PASS" start="2025-05-13T16:41:23.205903" elapsed="0.000000"/>
</kw>
<if>
<branch type="IF" condition="$value!=None">
<kw name="Run Keyword And Continue On Failure" owner="BuiltIn">
<kw name="Compare Data" owner="Compare">
<arg>\nSending Command: ${command}</arg>
<arg>${data}</arg>
<arg>${value}</arg>
<status status="PASS" start="2025-05-13T16:41:23.205903" elapsed="0.000000"/>
</kw>
<msg time="2025-05-13T16:41:23.205903" level="INFO">${data} = True</msg>
<var>${data}</var>
<arg>Compare.Compare Data</arg>
<arg>\nSending Command: ${command}</arg>
<arg>${data}</arg>
<arg>${value}</arg>
<doc>Runs the keyword and continues execution even if a failure occurs.</doc>
<status status="PASS" start="2025-05-13T16:41:23.205903" elapsed="0.000000"/>
</kw>
<kw name="Run Keyword And Continue On Failure" owner="BuiltIn">
<kw name="Should Be Equal" owner="BuiltIn">
<arg>${data}</arg>
<arg>True</arg>
<doc>Fails if the given objects are unequal.</doc>
<status status="PASS" start="2025-05-13T16:41:23.205903" elapsed="0.000000"/>
</kw>
<arg>Should Be Equal</arg>
<arg>${data}</arg>
<arg>True</arg>
<doc>Runs the keyword and continues execution even if a failure occurs.</doc>
<status status="PASS" start="2025-05-13T16:41:23.205903" elapsed="0.000000"/>
</kw>
<status status="PASS" start="2025-05-13T16:41:23.205903" elapsed="0.000000"/>
</branch>
<status status="PASS" start="2025-05-13T16:41:23.205903" elapsed="0.000000"/>
</if>
<return>
<value>${data}</value>
<status status="PASS" start="2025-05-13T16:41:23.205903" elapsed="0.000000"/>
</return>
<arg>$U00000008554C4532001A0A0A</arg>
<arg>$&gt;</arg>
<status status="PASS" start="2025-05-13T16:41:23.190102" elapsed="0.015801"/>
</kw>
<kw name="Send" owner="Keywords">
<kw name="Log" owner="BuiltIn">
<msg time="2025-05-13T16:41:23.205903" level="INFO">
Sending Command: $U000800107B0A4F5554312E446174613D22554C45</msg>
<arg>\nSending Command: ${command}</arg>
<arg>console=True</arg>
<doc>Logs the given message with the given level.</doc>
<status status="PASS" start="2025-05-13T16:41:23.205903" elapsed="0.000000"/>
</kw>
<kw name="Send Command" owner="HHSKeywords">
<msg time="2025-05-13T16:41:23.205903" level="INFO">${data} = $&gt;</msg>
<var>${data}</var>
<arg>${command}</arg>
<status status="PASS" start="2025-05-13T16:41:23.205903" elapsed="0.000000"/>
</kw>
<kw name="Log" owner="BuiltIn">
<msg time="2025-05-13T16:41:23.205903" level="INFO">Expected-------: $&gt;</msg>
<arg>Expected-------: ${value}</arg>
<arg>console=True</arg>
<doc>Logs the given message with the given level.</doc>
<status status="PASS" start="2025-05-13T16:41:23.205903" elapsed="0.000000"/>
</kw>
<kw name="Log" owner="BuiltIn">
<msg time="2025-05-13T16:41:23.220534" level="INFO">Responded------: $&gt;</msg>
<arg>Responded------: ${data}</arg>
<arg>console=True</arg>
<doc>Logs the given message with the given level.</doc>
<status status="PASS" start="2025-05-13T16:41:23.205903" elapsed="0.014631"/>
</kw>
<if>
<branch type="IF" condition="$value!=None">
<kw name="Run Keyword And Continue On Failure" owner="BuiltIn">
<kw name="Compare Data" owner="Compare">
<arg>\nSending Command: ${command}</arg>
<arg>${data}</arg>
<arg>${value}</arg>
<status status="PASS" start="2025-05-13T16:41:23.220534" elapsed="0.000000"/>
</kw>
<msg time="2025-05-13T16:41:23.220534" level="INFO">${data} = True</msg>
<var>${data}</var>
<arg>Compare.Compare Data</arg>
<arg>\nSending Command: ${command}</arg>
<arg>${data}</arg>
<arg>${value}</arg>
<doc>Runs the keyword and continues execution even if a failure occurs.</doc>
<status status="PASS" start="2025-05-13T16:41:23.220534" elapsed="0.000000"/>
</kw>
<kw name="Run Keyword And Continue On Failure" owner="BuiltIn">
<kw name="Should Be Equal" owner="BuiltIn">
<arg>${data}</arg>
<arg>True</arg>
<doc>Fails if the given objects are unequal.</doc>
<status status="PASS" start="2025-05-13T16:41:23.220534" elapsed="0.000000"/>
</kw>
<arg>Should Be Equal</arg>
<arg>${data}</arg>
<arg>True</arg>
<doc>Runs the keyword and continues execution even if a failure occurs.</doc>
<status status="PASS" start="2025-05-13T16:41:23.220534" elapsed="0.000000"/>
</kw>
<status status="PASS" start="2025-05-13T16:41:23.220534" elapsed="0.000000"/>
</branch>
<status status="PASS" start="2025-05-13T16:41:23.220534" elapsed="0.000000"/>
</if>
<return>
<value>${data}</value>
<status status="PASS" start="2025-05-13T16:41:23.220534" elapsed="0.001146"/>
</return>
<arg>$U000800107B0A4F5554312E446174613D22554C45</arg>
<arg>$&gt;</arg>
<status status="PASS" start="2025-05-13T16:41:23.205903" elapsed="0.015777"/>
</kw>
<kw name="Send" owner="Keywords">
<kw name="Log" owner="BuiltIn">
<msg time="2025-05-13T16:41:23.221680" level="INFO">
Sending Command: $U001800082054657374220A7D</msg>
<arg>\nSending Command: ${command}</arg>
<arg>console=True</arg>
<doc>Logs the given message with the given level.</doc>
<status status="PASS" start="2025-05-13T16:41:23.221680" elapsed="0.000000"/>
</kw>
<kw name="Send Command" owner="HHSKeywords">
<msg time="2025-05-13T16:41:23.227822" level="INFO">${data} = $&gt;</msg>
<var>${data}</var>
<arg>${command}</arg>
<status status="PASS" start="2025-05-13T16:41:23.221680" elapsed="0.006142"/>
</kw>
<kw name="Log" owner="BuiltIn">
<msg time="2025-05-13T16:41:23.227822" level="INFO">Expected-------: $&gt;</msg>
<arg>Expected-------: ${value}</arg>
<arg>console=True</arg>
<doc>Logs the given message with the given level.</doc>
<status status="PASS" start="2025-05-13T16:41:23.227822" elapsed="0.000000"/>
</kw>
<kw name="Log" owner="BuiltIn">
<msg time="2025-05-13T16:41:23.227822" level="INFO">Responded------: $&gt;</msg>
<arg>Responded------: ${data}</arg>
<arg>console=True</arg>
<doc>Logs the given message with the given level.</doc>
<status status="PASS" start="2025-05-13T16:41:23.227822" elapsed="0.000000"/>
</kw>
<if>
<branch type="IF" condition="$value!=None">
<kw name="Run Keyword And Continue On Failure" owner="BuiltIn">
<kw name="Compare Data" owner="Compare">
<arg>\nSending Command: ${command}</arg>
<arg>${data}</arg>
<arg>${value}</arg>
<status status="PASS" start="2025-05-13T16:41:23.227822" elapsed="0.000000"/>
</kw>
<msg time="2025-05-13T16:41:23.227822" level="INFO">${data} = True</msg>
<var>${data}</var>
<arg>Compare.Compare Data</arg>
<arg>\nSending Command: ${command}</arg>
<arg>${data}</arg>
<arg>${value}</arg>
<doc>Runs the keyword and continues execution even if a failure occurs.</doc>
<status status="PASS" start="2025-05-13T16:41:23.227822" elapsed="0.000000"/>
</kw>
<kw name="Run Keyword And Continue On Failure" owner="BuiltIn">
<kw name="Should Be Equal" owner="BuiltIn">
<arg>${data}</arg>
<arg>True</arg>
<doc>Fails if the given objects are unequal.</doc>
<status status="PASS" start="2025-05-13T16:41:23.227822" elapsed="0.000000"/>
</kw>
<arg>Should Be Equal</arg>
<arg>${data}</arg>
<arg>True</arg>
<doc>Runs the keyword and continues execution even if a failure occurs.</doc>
<status status="PASS" start="2025-05-13T16:41:23.227822" elapsed="0.000000"/>
</kw>
<status status="PASS" start="2025-05-13T16:41:23.227822" elapsed="0.000000"/>
</branch>
<status status="PASS" start="2025-05-13T16:41:23.227822" elapsed="0.000000"/>
</if>
<return>
<value>${data}</value>
<status status="PASS" start="2025-05-13T16:41:23.227822" elapsed="0.000000"/>
</return>
<arg>$U001800082054657374220A7D</arg>
<arg>$&gt;</arg>
<status status="PASS" start="2025-05-13T16:41:23.221680" elapsed="0.006142"/>
</kw>
<kw name="Send" owner="Keywords">
<kw name="Log" owner="BuiltIn">
<msg time="2025-05-13T16:41:23.227822" level="INFO">
Sending Command: $Ar</msg>
<arg>\nSending Command: ${command}</arg>
<arg>console=True</arg>
<doc>Logs the given message with the given level.</doc>
<status status="PASS" start="2025-05-13T16:41:23.227822" elapsed="0.000000"/>
</kw>
<kw name="Send Command" owner="HHSKeywords">
<msg time="2025-05-13T16:41:26.256793" level="INFO">Python WNDPROC handler failed
Traceback (most recent call last):
  File "C:\Cong Viec\Demo\hhsautomation\.venv\Lib\site-packages\testmate\Devices\Devices_Libs\usb_listener.py", line 88, in device_change_handler
    self.on_disconnect_callback(device_info)
  File "C:\Cong Viec\Demo\hhsautomation\.venv\Lib\site-packages\testmate\Devices\Devices_Libs\SerialProtocol.py", line 50, in _on_device_disconnection
    raise ConnectionError(msg)
ConnectionError: ConnectionError a device has been disconnected. Device name: \\?\USB#VID_05F9&amp;PID_4204#5&amp;c1ffe37&amp;0&amp;2#{86e0d1e0-8089-11d0-9ce4-08003e301f73} Status: Disconnected
Python WNDPROC handler failed
Traceback (most recent call last):
  File "C:\Cong Viec\Demo\hhsautomation\.venv\Lib\site-packages\testmate\Devices\Devices_Libs\usb_listener.py", line 88, in device_change_handler
    self.on_disconnect_callback(device_info)
  File "C:\Cong Viec\Demo\hhsautomation\.venv\Lib\site-packages\testmate\Devices\Devices_Libs\SerialProtocol.py", line 50, in _on_device_disconnection
    raise ConnectionError(msg)
ConnectionError: ConnectionError a device has been disconnected. Device name: \\?\USB#VID_05F9&amp;PID_4204#5&amp;c1ffe37&amp;0&amp;2#{40994dfa-45a8-4da7-8b58-acc2d7cea825} Status: Disconnected
Python WNDPROC handler failed
Traceback (most recent call last):
  File "C:\Cong Viec\Demo\hhsautomation\.venv\Lib\site-packages\testmate\Devices\Devices_Libs\usb_listener.py", line 88, in device_change_handler
    self.on_disconnect_callback(device_info)
  File "C:\Cong Viec\Demo\hhsautomation\.venv\Lib\site-packages\testmate\Devices\Devices_Libs\SerialProtocol.py", line 50, in _on_device_disconnection
    raise ConnectionError(msg)
ConnectionError: ConnectionError a device has been disconnected. Device name: \\?\USB#VID_05F9&amp;PID_4204#5&amp;c1ffe37&amp;0&amp;2#{a5dcbf10-6530-11d2-901f-00c04fb951ed} Status: Disconnected</msg>
<msg time="2025-05-13T16:41:26.256793" level="INFO">${data} = $&gt;</msg>
<var>${data}</var>
<arg>${command}</arg>
<status status="PASS" start="2025-05-13T16:41:23.227822" elapsed="3.028971"/>
</kw>
<kw name="Log" owner="BuiltIn">
<msg time="2025-05-13T16:41:26.256793" level="INFO">Expected-------: $&gt;</msg>
<arg>Expected-------: ${value}</arg>
<arg>console=True</arg>
<doc>Logs the given message with the given level.</doc>
<status status="PASS" start="2025-05-13T16:41:26.256793" elapsed="0.000000"/>
</kw>
<kw name="Log" owner="BuiltIn">
<msg time="2025-05-13T16:41:26.256793" level="INFO">Responded------: $&gt;</msg>
<arg>Responded------: ${data}</arg>
<arg>console=True</arg>
<doc>Logs the given message with the given level.</doc>
<status status="PASS" start="2025-05-13T16:41:26.256793" elapsed="0.000000"/>
</kw>
<if>
<branch type="IF" condition="$value!=None">
<kw name="Run Keyword And Continue On Failure" owner="BuiltIn">
<kw name="Compare Data" owner="Compare">
<arg>\nSending Command: ${command}</arg>
<arg>${data}</arg>
<arg>${value}</arg>
<status status="PASS" start="2025-05-13T16:41:26.256793" elapsed="0.000000"/>
</kw>
<msg time="2025-05-13T16:41:26.256793" level="INFO">${data} = True</msg>
<var>${data}</var>
<arg>Compare.Compare Data</arg>
<arg>\nSending Command: ${command}</arg>
<arg>${data}</arg>
<arg>${value}</arg>
<doc>Runs the keyword and continues execution even if a failure occurs.</doc>
<status status="PASS" start="2025-05-13T16:41:26.256793" elapsed="0.000000"/>
</kw>
<kw name="Run Keyword And Continue On Failure" owner="BuiltIn">
<kw name="Should Be Equal" owner="BuiltIn">
<arg>${data}</arg>
<arg>True</arg>
<doc>Fails if the given objects are unequal.</doc>
<status status="PASS" start="2025-05-13T16:41:26.256793" elapsed="0.000000"/>
</kw>
<arg>Should Be Equal</arg>
<arg>${data}</arg>
<arg>True</arg>
<doc>Runs the keyword and continues execution even if a failure occurs.</doc>
<status status="PASS" start="2025-05-13T16:41:26.256793" elapsed="0.000000"/>
</kw>
<status status="PASS" start="2025-05-13T16:41:26.256793" elapsed="0.000000"/>
</branch>
<status status="PASS" start="2025-05-13T16:41:26.256793" elapsed="0.000000"/>
</if>
<return>
<value>${data}</value>
<status status="PASS" start="2025-05-13T16:41:26.256793" elapsed="0.000000"/>
</return>
<arg>$Ar</arg>
<arg>$&gt;</arg>
<status status="PASS" start="2025-05-13T16:41:23.227822" elapsed="3.028971"/>
</kw>
<kw name="Read" owner="Keywords">
<kw name="Log" owner="BuiltIn">
<msg time="2025-05-13T16:41:26.260458" level="INFO">
Reading label: Code128_ABCabc</msg>
<arg>\nReading label: ${image_name}</arg>
<arg>console=True</arg>
<doc>Logs the given message with the given level.</doc>
<status status="PASS" start="2025-05-13T16:41:26.260458" elapsed="0.000000"/>
</kw>
<kw name="Run Keyword And Continue On Failure" owner="BuiltIn">
<kw name="Read Label" owner="HHSKeywords">
<arg>${current_directory}</arg>
<arg>${image_name}</arg>
<status status="PASS" start="2025-05-13T16:41:26.260458" elapsed="9.082007"/>
</kw>
<msg time="2025-05-13T16:41:35.358023" level="INFO">${data} = </msg>
<var>${data}</var>
<arg>Read Label</arg>
<arg>${current_directory}</arg>
<arg>${image_name}</arg>
<doc>Runs the keyword and continues execution even if a failure occurs.</doc>
<status status="PASS" start="2025-05-13T16:41:26.260458" elapsed="9.097565"/>
</kw>
<kw name="Log" owner="BuiltIn">
<msg time="2025-05-13T16:41:35.358023" level="INFO">Expected-----: ULE Test</msg>
<arg>Expected-----: ${value}</arg>
<arg>console=True</arg>
<doc>Logs the given message with the given level.</doc>
<status status="PASS" start="2025-05-13T16:41:35.358023" elapsed="0.063373"/>
</kw>
<kw name="Log" owner="BuiltIn">
<msg time="2025-05-13T16:41:35.421396" level="INFO">Responded----: </msg>
<arg>Responded----: ${data}</arg>
<arg>console=True</arg>
<doc>Logs the given message with the given level.</doc>
<status status="PASS" start="2025-05-13T16:41:35.421396" elapsed="0.000000"/>
</kw>
<kw name="LogImage" owner="Keywords">
<kw name="Set Variable" owner="BuiltIn">
<msg time="2025-05-13T16:41:35.421396" level="INFO">${data} = C:\Cong Viec\Demo\hhsautomation\Data\ULE\Code128_ABCabc.jpg</msg>
<var>${data}</var>
<arg>${current_directory}\\${image_name}.jpg</arg>
<doc>Returns the given values which can then be assigned to a variables.</doc>
<status status="PASS" start="2025-05-13T16:41:35.421396" elapsed="0.000000"/>
</kw>
<kw name="Log" owner="BuiltIn">
<msg time="2025-05-13T16:41:35.421396" level="INFO" html="true">&lt;img src=C:\Cong Viec\Demo\hhsautomation\Data\ULE\Code128_ABCabc.jpg&gt;</msg>
<arg>&lt;img src=${data}&gt;</arg>
<arg>html=true</arg>
<doc>Logs the given message with the given level.</doc>
<status status="PASS" start="2025-05-13T16:41:35.421396" elapsed="0.000000"/>
</kw>
<arg>${image_name}</arg>
<status status="PASS" start="2025-05-13T16:41:35.421396" elapsed="0.000000"/>
</kw>
<if>
<branch type="IF" condition="$value!=None">
<kw name="Run Keyword And Continue On Failure" owner="BuiltIn">
<kw name="Compare Data" owner="Compare">
<arg>\nReading label: ${image_name}</arg>
<arg>${data}</arg>
<arg>${value}</arg>
<status status="PASS" start="2025-05-13T16:41:35.421396" elapsed="0.000000"/>
</kw>
<msg time="2025-05-13T16:41:35.421396" level="INFO">${data} = 
Reading label: Code128_ABCabc 
Observed:  
Expected: ULE Test</msg>
<var>${data}</var>
<arg>Compare.Compare Data</arg>
<arg>\nReading label: ${image_name}</arg>
<arg>${data}</arg>
<arg>${value}</arg>
<doc>Runs the keyword and continues execution even if a failure occurs.</doc>
<status status="PASS" start="2025-05-13T16:41:35.421396" elapsed="0.000000"/>
</kw>
<kw name="Run Keyword And Continue On Failure" owner="BuiltIn">
<kw name="Should Be Equal" owner="BuiltIn">
<msg time="2025-05-13T16:41:35.421396" level="FAIL">
Reading label: Code128_ABCabc 
Observed:  
Expected: ULE Test != True</msg>
<arg>${data}</arg>
<arg>True</arg>
<doc>Fails if the given objects are unequal.</doc>
<status status="FAIL" start="2025-05-13T16:41:35.421396" elapsed="0.000000">
Reading label: Code128_ABCabc 
Observed:  
Expected: ULE Test != True</status>
</kw>
<arg>Should Be Equal</arg>
<arg>${data}</arg>
<arg>True</arg>
<doc>Runs the keyword and continues execution even if a failure occurs.</doc>
<status status="FAIL" start="2025-05-13T16:41:35.421396" elapsed="0.000000">
Reading label: Code128_ABCabc 
Observed:  
Expected: ULE Test != True</status>
</kw>
<status status="FAIL" start="2025-05-13T16:41:35.421396" elapsed="0.000000">
Reading label: Code128_ABCabc 
Observed:  
Expected: ULE Test != True</status>
</branch>
<status status="FAIL" start="2025-05-13T16:41:35.421396" elapsed="0.000000">
Reading label: Code128_ABCabc 
Observed:  
Expected: ULE Test != True</status>
</if>
<return>
<value>${data}</value>
<status status="PASS" start="2025-05-13T16:41:35.421396" elapsed="0.000000"/>
</return>
<arg>Code128_ABCabc</arg>
<arg>ULE Test</arg>
<status status="FAIL" start="2025-05-13T16:41:26.256793" elapsed="9.164603">
Reading label: Code128_ABCabc 
Observed:  
Expected: ULE Test != True</status>
</kw>
<kw name="Send" owner="Keywords">
<kw name="Log" owner="BuiltIn">
<msg time="2025-05-13T16:41:35.421396" level="INFO">
Sending Command: R</msg>
<arg>\nSending Command: ${command}</arg>
<arg>console=True</arg>
<doc>Logs the given message with the given level.</doc>
<status status="PASS" start="2025-05-13T16:41:35.421396" elapsed="0.000000"/>
</kw>
<kw name="Send Command" owner="HHSKeywords">
<msg time="2025-05-13T16:41:35.437170" level="FAIL">SerialException: Cannot configure port, something went wrong. Original message: OSError(22, 'A device which does not exist was specified.', None, 433)</msg>
<var>${data}</var>
<arg>${command}</arg>
<status status="FAIL" start="2025-05-13T16:41:35.421396" elapsed="0.051851">SerialException: Cannot configure port, something went wrong. Original message: OSError(22, 'A device which does not exist was specified.', None, 433)</status>
</kw>
<kw name="Log" owner="BuiltIn">
<arg>Expected-------: ${value}</arg>
<arg>console=True</arg>
<doc>Logs the given message with the given level.</doc>
<status status="NOT RUN" start="2025-05-13T16:41:35.473247" elapsed="0.000000"/>
</kw>
<kw name="Log" owner="BuiltIn">
<arg>Responded------: ${data}</arg>
<arg>console=True</arg>
<doc>Logs the given message with the given level.</doc>
<status status="NOT RUN" start="2025-05-13T16:41:35.473247" elapsed="0.000000"/>
</kw>
<if>
<branch type="IF" condition="$value!=None">
<kw name="Run Keyword And Continue On Failure" owner="BuiltIn">
<var>${data}</var>
<arg>Compare.Compare Data</arg>
<arg>\nSending Command: ${command}</arg>
<arg>${data}</arg>
<arg>${value}</arg>
<doc>Runs the keyword and continues execution even if a failure occurs.</doc>
<status status="NOT RUN" start="2025-05-13T16:41:35.474113" elapsed="0.000000"/>
</kw>
<kw name="Run Keyword And Continue On Failure" owner="BuiltIn">
<arg>Should Be Equal</arg>
<arg>${data}</arg>
<arg>True</arg>
<doc>Runs the keyword and continues execution even if a failure occurs.</doc>
<status status="NOT RUN" start="2025-05-13T16:41:35.474113" elapsed="0.000000"/>
</kw>
<status status="NOT RUN" start="2025-05-13T16:41:35.473247" elapsed="0.000866"/>
</branch>
<status status="NOT RUN" start="2025-05-13T16:41:35.473247" elapsed="0.000866"/>
</if>
<return>
<value>${data}</value>
<status status="NOT RUN" start="2025-05-13T16:41:35.474113" elapsed="0.000000"/>
</return>
<arg>R</arg>
<status status="FAIL" start="2025-05-13T16:41:35.421396" elapsed="0.052717">SerialException: Cannot configure port, something went wrong. Original message: OSError(22, 'A device which does not exist was specified.', None, 433)</status>
</kw>
<kw name="Read" owner="Keywords">
<arg>Code128_ABCabc</arg>
<arg>ULE Test</arg>
<status status="NOT RUN" start="2025-05-13T16:41:35.474113" elapsed="0.000000"/>
</kw>
<doc>Verify that when the HH reset, ULE script still in non-volatile memory and no disable</doc>
<tag>LEO_C</tag>
<tag>PGS_C</tag>
<tag>RS232_OPOS</tag>
<tag>RS232_STD</tag>
<tag>RS232_WN</tag>
<tag>USB_COM</tag>
<tag>USB_CPS</tag>
<status status="FAIL" start="2025-05-13T16:41:23.051957" elapsed="12.422156">Several failures occurred:

1) 
Reading label: Code128_ABCabc 
Observed:  
Expected: ULE Test != True

2) SerialException: Cannot configure port, something went wrong. Original message: OSError(22, 'A device which does not exist was specified.', None, 433)</status>
</test>
<doc>See [https://rationalcld.dl.net/rm/web#action=com.ibm.rdm.web.pages.showArtifactPage&amp;artifactURI=https%3A%2F%2Frationalcld.dl.net%2Frm%2Fresources%2FTX_tOVeBmIKFU1AVWtBzIbWZQ&amp;oslc_config.context=https%3A%2F%2Frationalcld.dl.net%2Fgc%2Fconfiguration%2F533&amp;componentURI=https%3A%2F%2Frationalcld.dl.net%2Frm%2Frm-projects%2F_m3Lwca_8Eeew0scXiQZ_Ag%2Fcomponents%2F_Hl8QMK_-Eeew0scXiQZ_Ag]|JAZZ requirement]
53368:  Script storage
The script shall be stored in non-volatile memory.</doc>
<status status="FAIL" start="2025-05-13T16:41:14.475798" elapsed="20.998315"/>
</suite>
<statistics>
<total>
<stat pass="0" fail="1" skip="0">All Tests</stat>
</total>
<tag>
<stat pass="0" fail="1" skip="0">LEO_C</stat>
<stat pass="0" fail="1" skip="0">PGS_C</stat>
<stat pass="0" fail="1" skip="0">RS232_OPOS</stat>
<stat pass="0" fail="1" skip="0">RS232_STD</stat>
<stat pass="0" fail="1" skip="0">RS232_WN</stat>
<stat pass="0" fail="1" skip="0">USB_COM</stat>
<stat pass="0" fail="1" skip="0">USB_CPS</stat>
</tag>
<suite>
<stat pass="0" fail="1" skip="0" id="s1" name="AT UL 53368 ScriptStorage">AT UL 53368 ScriptStorage</stat>
</suite>
</statistics>
<errors>
</errors>
</robot>
