<?xml version="1.0" encoding="UTF-8"?>
<robot generator="Robot 7.0 (Python 3.12.8 on win32)" generated="2025-05-21T17:35:59.028260" rpa="false" schemaversion="5">
<suite id="s1" name="AT UL 53368 ScriptStorage" source="C:\hhsautomation\Tests\ULE\AT_UL_53368_ScriptStorage.robot">
<kw name="Run Keywords" owner="BuiltIn" type="SETUP">
<kw name="Open Connection" owner="Keywords">
<kw name="Init Connection" owner="HHSKeywords">
<msg time="2025-05-21T17:36:04.921303" level="INFO">${data} = Init hhs None Connection succesfully opened COM port: COM14,  with {'name': 'USB_COM', 'tag_config': '47', 'class': '2', 'baud_rate': 115200, 'parity': 'N', 'data_bit': 8, 'stop_bit': 1, 'rts': True, ...</msg>
<var>${data}</var>
<arg>hhs</arg>
<arg>${INTERFACE_NAME}</arg>
<arg>${COMPORT}</arg>
<status status="PASS" start="2025-05-21T17:36:04.921303" elapsed="0.000000"/>
</kw>
<kw name="Log" owner="BuiltIn">
<msg time="2025-05-21T17:36:04.921303" level="INFO">Init hhs None Connection succesfully opened COM port: COM14,  with {'name': 'USB_COM', 'tag_config': '47', 'class': '2', 'baud_rate': 115200, 'parity': 'N', 'data_bit': 8, 'stop_bit': 1, 'rts': True, 'dtr': True, 'config_item': 'HA47'} interface</msg>
<arg>${data}</arg>
<arg>console=true</arg>
<doc>Logs the given message with the given level.</doc>
<status status="PASS" start="2025-05-21T17:36:04.921303" elapsed="0.000000"/>
</kw>
<arg>${INTERFACE_NAME}</arg>
<arg>${COMPORT}</arg>
<status status="PASS" start="2025-05-21T17:36:04.921303" elapsed="0.000000"/>
</kw>
<kw name="Reading Mode" owner="Keywords">
<kw name="Set Reading Mode" owner="HHSKeywords">
<msg time="2025-05-21T17:36:14.964904" level="INFO">Python WNDPROC handler failed
Traceback (most recent call last):
  File "C:\Users\vtvu\AppData\Local\Programs\Python\Python312\Lib\site-packages\testmate\Devices\Devices_Libs\usb_listener.py", line 88, in device_change_handler
    self.on_disconnect_callback(device_info)
  File "C:\Users\vtvu\AppData\Local\Programs\Python\Python312\Lib\site-packages\testmate\Devices\Devices_Libs\SerialProtocol.py", line 50, in _on_device_disconnection
    raise ConnectionError(msg)
ConnectionError: ConnectionError a device has been disconnected. Device name: \\?\USB#VID_05F9&amp;PID_4204#5&amp;c1ffe37&amp;0&amp;1#{86e0d1e0-8089-11d0-9ce4-08003e301f73} Status: Disconnected
Python WNDPROC handler failed
Traceback (most recent call last):
  File "C:\Users\vtvu\AppData\Local\Programs\Python\Python312\Lib\site-packages\testmate\Devices\Devices_Libs\usb_listener.py", line 88, in device_change_handler
    self.on_disconnect_callback(device_info)
  File "C:\Users\vtvu\AppData\Local\Programs\Python\Python312\Lib\site-packages\testmate\Devices\Devices_Libs\SerialProtocol.py", line 50, in _on_device_disconnection
    raise ConnectionError(msg)
ConnectionError: ConnectionError a device has been disconnected. Device name: \\?\USB#VID_05F9&amp;PID_4204#5&amp;c1ffe37&amp;0&amp;1#{40994dfa-45a8-4da7-8b58-acc2d7cea825} Status: Disconnected
Python WNDPROC handler failed
Traceback (most recent call last):
  File "C:\Users\vtvu\AppData\Local\Programs\Python\Python312\Lib\site-packages\testmate\Devices\Devices_Libs\usb_listener.py", line 88, in device_change_handler
    self.on_disconnect_callback(device_info)
  File "C:\Users\vtvu\AppData\Local\Programs\Python\Python312\Lib\site-packages\testmate\Devices\Devices_Libs\SerialProtocol.py", line 50, in _on_device_disconnection
    raise ConnectionError(msg)
ConnectionError: ConnectionError a device has been disconnected. Device name: \\?\USB#VID_05F9&amp;PID_4204#5&amp;c1ffe37&amp;0&amp;1#{a5dcbf10-6530-11d2-901f-00c04fb951ed} Status: Disconnected</msg>
<msg time="2025-05-21T17:36:14.964904" level="INFO">${data} = $&gt;,&gt;,&gt;</msg>
<var>${data}</var>
<arg>${READING_MODE}</arg>
<status status="PASS" start="2025-05-21T17:36:04.921303" elapsed="10.043601"/>
</kw>
<arg>${READING_MODE}</arg>
<status status="PASS" start="2025-05-21T17:36:04.921303" elapsed="10.043601"/>
</kw>
<kw name="Get Device Version" owner="Keywords">
<kw name="Get Firmware Version" owner="HHSKeywords">
<msg time="2025-05-21T17:36:15.468077" level="INFO">${data} = Powerscan-PD9630 SOFTWARE RELEASE 610149566 BL66 30/Sep/2024</msg>
<var>${data}</var>
<status status="PASS" start="2025-05-21T17:36:14.964904" elapsed="0.503173"/>
</kw>
<kw name="Log" owner="BuiltIn">
<msg time="2025-05-21T17:36:15.468077" level="INFO">"Device Version: " Powerscan-PD9630 SOFTWARE RELEASE 610149566 BL66 30/Sep/2024</msg>
<arg>"Device Version: " ${data}</arg>
<arg>console=true</arg>
<doc>Logs the given message with the given level.</doc>
<status status="PASS" start="2025-05-21T17:36:15.468077" elapsed="0.000000"/>
</kw>
<status status="PASS" start="2025-05-21T17:36:14.964904" elapsed="0.503173"/>
</kw>
<kw name="Get TestMate Version" owner="Keywords">
<kw name="Get Testmate Release" owner="HHSKeywords">
<msg time="2025-05-21T17:36:15.468077" level="INFO">${data} = 1.0.1</msg>
<var>${data}</var>
<status status="PASS" start="2025-05-21T17:36:15.468077" elapsed="0.000000"/>
</kw>
<kw name="Log" owner="BuiltIn">
<msg time="2025-05-21T17:36:15.468077" level="INFO">"Testmate version: " 1.0.1</msg>
<arg>"Testmate version: " ${data}</arg>
<arg>console=true</arg>
<doc>Logs the given message with the given level.</doc>
<status status="PASS" start="2025-05-21T17:36:15.468077" elapsed="0.000000"/>
</kw>
<status status="PASS" start="2025-05-21T17:36:15.468077" elapsed="0.000000"/>
</kw>
<arg>Open Connection</arg>
<arg>${INTERFACE_NAME}</arg>
<arg>${COMPORT}</arg>
<arg>AND</arg>
<arg>Reading Mode</arg>
<arg>${READING_MODE}</arg>
<arg>AND</arg>
<arg>Get Device Version</arg>
<arg>AND</arg>
<arg>Get TestMate Version</arg>
<doc>Executes all the given keywords in a sequence.</doc>
<status status="PASS" start="2025-05-21T17:36:04.921303" elapsed="10.546774"/>
</kw>
<test id="s1-t1" name="ULE by service port mode" line="20">
<kw name="EnterSP" owner="Keywords">
<kw name="Log" owner="BuiltIn">
<msg time="2025-05-21T17:36:15.476594" level="INFO">
Sending Command: $S</msg>
<arg>\nSending Command: $S</arg>
<arg>console=True</arg>
<doc>Logs the given message with the given level.</doc>
<status status="PASS" start="2025-05-21T17:36:15.476594" elapsed="0.000000"/>
</kw>
<kw name="Enter Service Port" owner="HHSKeywords">
<msg time="2025-05-21T17:36:15.493307" level="INFO">${data} = $&gt;</msg>
<var>${data}</var>
<status status="PASS" start="2025-05-21T17:36:15.476594" elapsed="0.016713"/>
</kw>
<kw name="Log" owner="BuiltIn">
<msg time="2025-05-21T17:36:15.493307" level="INFO">Expected--------: $&gt;</msg>
<arg>Expected--------: ${value}</arg>
<arg>console=True</arg>
<doc>Logs the given message with the given level.</doc>
<status status="PASS" start="2025-05-21T17:36:15.493307" elapsed="0.000000"/>
</kw>
<kw name="Log" owner="BuiltIn">
<msg time="2025-05-21T17:36:15.493307" level="INFO">Responded-------: $&gt;</msg>
<arg>Responded-------: ${data}</arg>
<arg>console=True</arg>
<doc>Logs the given message with the given level.</doc>
<status status="PASS" start="2025-05-21T17:36:15.493307" elapsed="0.000000"/>
</kw>
<if>
<branch type="IF" condition="$value!=None">
<kw name="Run Keyword And Continue On Failure" owner="BuiltIn">
<kw name="Should Be Equal" owner="BuiltIn">
<arg>${data}</arg>
<arg>${value}\r</arg>
<doc>Fails if the given objects are unequal.</doc>
<status status="PASS" start="2025-05-21T17:36:15.493307" elapsed="0.000000"/>
</kw>
<arg>Should Be Equal</arg>
<arg>${data}</arg>
<arg>${value}\r</arg>
<doc>Runs the keyword and continues execution even if a failure occurs.</doc>
<status status="PASS" start="2025-05-21T17:36:15.493307" elapsed="0.000000"/>
</kw>
<status status="PASS" start="2025-05-21T17:36:15.493307" elapsed="0.000000"/>
</branch>
<status status="PASS" start="2025-05-21T17:36:15.493307" elapsed="0.000000"/>
</if>
<return>
<value>${data}</value>
<status status="PASS" start="2025-05-21T17:36:15.493307" elapsed="0.000000"/>
</return>
<arg>$&gt;</arg>
<status status="PASS" start="2025-05-21T17:36:15.468077" elapsed="0.025230"/>
</kw>
<kw name="Send" owner="Keywords">
<kw name="Log" owner="BuiltIn">
<msg time="2025-05-21T17:36:15.493307" level="INFO">
Sending Command: $CLEEN01</msg>
<arg>\nSending Command: ${command}</arg>
<arg>console=True</arg>
<doc>Logs the given message with the given level.</doc>
<status status="PASS" start="2025-05-21T17:36:15.493307" elapsed="0.000000"/>
</kw>
<kw name="Send Command" owner="HHSKeywords">
<msg time="2025-05-21T17:36:20.512418" level="INFO">${data} = $&gt;</msg>
<var>${data}</var>
<arg>${command}</arg>
<status status="PASS" start="2025-05-21T17:36:15.493307" elapsed="5.019111"/>
</kw>
<kw name="Log" owner="BuiltIn">
<msg time="2025-05-21T17:36:20.512418" level="INFO">Expected-------: $&gt;</msg>
<arg>Expected-------: ${value}</arg>
<arg>console=True</arg>
<doc>Logs the given message with the given level.</doc>
<status status="PASS" start="2025-05-21T17:36:20.512418" elapsed="0.000000"/>
</kw>
<kw name="Log" owner="BuiltIn">
<msg time="2025-05-21T17:36:20.512418" level="INFO">Responded------: $&gt;</msg>
<arg>Responded------: ${data}</arg>
<arg>console=True</arg>
<doc>Logs the given message with the given level.</doc>
<status status="PASS" start="2025-05-21T17:36:20.512418" elapsed="0.000000"/>
</kw>
<if>
<branch type="IF" condition="$value!=None">
<kw name="Run Keyword And Continue On Failure" owner="BuiltIn">
<kw name="Compare Data" owner="Compare">
<arg>\nSending Command: ${command}</arg>
<arg>${data}</arg>
<arg>${value}</arg>
<status status="PASS" start="2025-05-21T17:36:20.512418" elapsed="0.000000"/>
</kw>
<msg time="2025-05-21T17:36:20.512418" level="INFO">${data} = True</msg>
<var>${data}</var>
<arg>Compare.Compare Data</arg>
<arg>\nSending Command: ${command}</arg>
<arg>${data}</arg>
<arg>${value}</arg>
<doc>Runs the keyword and continues execution even if a failure occurs.</doc>
<status status="PASS" start="2025-05-21T17:36:20.512418" elapsed="0.000000"/>
</kw>
<kw name="Run Keyword And Continue On Failure" owner="BuiltIn">
<kw name="Should Be Equal" owner="BuiltIn">
<arg>${data}</arg>
<arg>True</arg>
<doc>Fails if the given objects are unequal.</doc>
<status status="PASS" start="2025-05-21T17:36:20.512418" elapsed="0.000000"/>
</kw>
<arg>Should Be Equal</arg>
<arg>${data}</arg>
<arg>True</arg>
<doc>Runs the keyword and continues execution even if a failure occurs.</doc>
<status status="PASS" start="2025-05-21T17:36:20.512418" elapsed="0.000000"/>
</kw>
<status status="PASS" start="2025-05-21T17:36:20.512418" elapsed="0.000000"/>
</branch>
<status status="PASS" start="2025-05-21T17:36:20.512418" elapsed="0.000000"/>
</if>
<return>
<value>${data}</value>
<status status="PASS" start="2025-05-21T17:36:20.512418" elapsed="0.000000"/>
</return>
<arg>$CLEEN01</arg>
<arg>$&gt;</arg>
<status status="PASS" start="2025-05-21T17:36:15.493307" elapsed="5.019111"/>
</kw>
<kw name="Send" owner="Keywords">
<kw name="Log" owner="BuiltIn">
<msg time="2025-05-21T17:36:20.512418" level="INFO">
Sending Command: $U00000008554C4532001A0A0A</msg>
<arg>\nSending Command: ${command}</arg>
<arg>console=True</arg>
<doc>Logs the given message with the given level.</doc>
<status status="PASS" start="2025-05-21T17:36:20.512418" elapsed="0.000000"/>
</kw>
<kw name="Send Command" owner="HHSKeywords">
<msg time="2025-05-21T17:36:25.538431" level="INFO">${data} = $&gt;</msg>
<var>${data}</var>
<arg>${command}</arg>
<status status="PASS" start="2025-05-21T17:36:20.512418" elapsed="5.026013"/>
</kw>
<kw name="Log" owner="BuiltIn">
<msg time="2025-05-21T17:36:25.538431" level="INFO">Expected-------: $&gt;</msg>
<arg>Expected-------: ${value}</arg>
<arg>console=True</arg>
<doc>Logs the given message with the given level.</doc>
<status status="PASS" start="2025-05-21T17:36:25.538431" elapsed="0.000000"/>
</kw>
<kw name="Log" owner="BuiltIn">
<msg time="2025-05-21T17:36:25.538431" level="INFO">Responded------: $&gt;</msg>
<arg>Responded------: ${data}</arg>
<arg>console=True</arg>
<doc>Logs the given message with the given level.</doc>
<status status="PASS" start="2025-05-21T17:36:25.538431" elapsed="0.000000"/>
</kw>
<if>
<branch type="IF" condition="$value!=None">
<kw name="Run Keyword And Continue On Failure" owner="BuiltIn">
<kw name="Compare Data" owner="Compare">
<arg>\nSending Command: ${command}</arg>
<arg>${data}</arg>
<arg>${value}</arg>
<status status="PASS" start="2025-05-21T17:36:25.538431" elapsed="0.000000"/>
</kw>
<msg time="2025-05-21T17:36:25.538431" level="INFO">${data} = True</msg>
<var>${data}</var>
<arg>Compare.Compare Data</arg>
<arg>\nSending Command: ${command}</arg>
<arg>${data}</arg>
<arg>${value}</arg>
<doc>Runs the keyword and continues execution even if a failure occurs.</doc>
<status status="PASS" start="2025-05-21T17:36:25.538431" elapsed="0.000000"/>
</kw>
<kw name="Run Keyword And Continue On Failure" owner="BuiltIn">
<kw name="Should Be Equal" owner="BuiltIn">
<arg>${data}</arg>
<arg>True</arg>
<doc>Fails if the given objects are unequal.</doc>
<status status="PASS" start="2025-05-21T17:36:25.538431" elapsed="0.000000"/>
</kw>
<arg>Should Be Equal</arg>
<arg>${data}</arg>
<arg>True</arg>
<doc>Runs the keyword and continues execution even if a failure occurs.</doc>
<status status="PASS" start="2025-05-21T17:36:25.538431" elapsed="0.000000"/>
</kw>
<status status="PASS" start="2025-05-21T17:36:25.538431" elapsed="0.000000"/>
</branch>
<status status="PASS" start="2025-05-21T17:36:25.538431" elapsed="0.000000"/>
</if>
<return>
<value>${data}</value>
<status status="PASS" start="2025-05-21T17:36:25.538431" elapsed="0.000000"/>
</return>
<arg>$U00000008554C4532001A0A0A</arg>
<arg>$&gt;</arg>
<status status="PASS" start="2025-05-21T17:36:20.512418" elapsed="5.026013"/>
</kw>
<kw name="Send" owner="Keywords">
<kw name="Log" owner="BuiltIn">
<msg time="2025-05-21T17:36:25.547566" level="INFO">
Sending Command: $U000800107B0A4F5554312E446174613D22554C45</msg>
<arg>\nSending Command: ${command}</arg>
<arg>console=True</arg>
<doc>Logs the given message with the given level.</doc>
<status status="PASS" start="2025-05-21T17:36:25.547566" elapsed="0.000000"/>
</kw>
<kw name="Send Command" owner="HHSKeywords">
<msg time="2025-05-21T17:36:30.558200" level="INFO">${data} = $&gt;</msg>
<var>${data}</var>
<arg>${command}</arg>
<status status="PASS" start="2025-05-21T17:36:25.547566" elapsed="5.010634"/>
</kw>
<kw name="Log" owner="BuiltIn">
<msg time="2025-05-21T17:36:30.558200" level="INFO">Expected-------: $&gt;</msg>
<arg>Expected-------: ${value}</arg>
<arg>console=True</arg>
<doc>Logs the given message with the given level.</doc>
<status status="PASS" start="2025-05-21T17:36:30.558200" elapsed="0.000000"/>
</kw>
<kw name="Log" owner="BuiltIn">
<msg time="2025-05-21T17:36:30.558200" level="INFO">Responded------: $&gt;</msg>
<arg>Responded------: ${data}</arg>
<arg>console=True</arg>
<doc>Logs the given message with the given level.</doc>
<status status="PASS" start="2025-05-21T17:36:30.558200" elapsed="0.000000"/>
</kw>
<if>
<branch type="IF" condition="$value!=None">
<kw name="Run Keyword And Continue On Failure" owner="BuiltIn">
<kw name="Compare Data" owner="Compare">
<arg>\nSending Command: ${command}</arg>
<arg>${data}</arg>
<arg>${value}</arg>
<status status="PASS" start="2025-05-21T17:36:30.558200" elapsed="0.000000"/>
</kw>
<msg time="2025-05-21T17:36:30.558200" level="INFO">${data} = True</msg>
<var>${data}</var>
<arg>Compare.Compare Data</arg>
<arg>\nSending Command: ${command}</arg>
<arg>${data}</arg>
<arg>${value}</arg>
<doc>Runs the keyword and continues execution even if a failure occurs.</doc>
<status status="PASS" start="2025-05-21T17:36:30.558200" elapsed="0.000000"/>
</kw>
<kw name="Run Keyword And Continue On Failure" owner="BuiltIn">
<kw name="Should Be Equal" owner="BuiltIn">
<arg>${data}</arg>
<arg>True</arg>
<doc>Fails if the given objects are unequal.</doc>
<status status="PASS" start="2025-05-21T17:36:30.558200" elapsed="0.000000"/>
</kw>
<arg>Should Be Equal</arg>
<arg>${data}</arg>
<arg>True</arg>
<doc>Runs the keyword and continues execution even if a failure occurs.</doc>
<status status="PASS" start="2025-05-21T17:36:30.558200" elapsed="0.000000"/>
</kw>
<status status="PASS" start="2025-05-21T17:36:30.558200" elapsed="0.000000"/>
</branch>
<status status="PASS" start="2025-05-21T17:36:30.558200" elapsed="0.000000"/>
</if>
<return>
<value>${data}</value>
<status status="PASS" start="2025-05-21T17:36:30.558200" elapsed="0.000000"/>
</return>
<arg>$U000800107B0A4F5554312E446174613D22554C45</arg>
<arg>$&gt;</arg>
<status status="PASS" start="2025-05-21T17:36:25.547566" elapsed="5.010634"/>
</kw>
<kw name="Send" owner="Keywords">
<kw name="Log" owner="BuiltIn">
<msg time="2025-05-21T17:36:30.558200" level="INFO">
Sending Command: $U001800082054657374220A7D</msg>
<arg>\nSending Command: ${command}</arg>
<arg>console=True</arg>
<doc>Logs the given message with the given level.</doc>
<status status="PASS" start="2025-05-21T17:36:30.558200" elapsed="0.000000"/>
</kw>
<kw name="Send Command" owner="HHSKeywords">
<msg time="2025-05-21T17:36:35.574497" level="INFO">${data} = $&gt;</msg>
<var>${data}</var>
<arg>${command}</arg>
<status status="PASS" start="2025-05-21T17:36:30.558200" elapsed="5.016297"/>
</kw>
<kw name="Log" owner="BuiltIn">
<msg time="2025-05-21T17:36:35.574497" level="INFO">Expected-------: $&gt;</msg>
<arg>Expected-------: ${value}</arg>
<arg>console=True</arg>
<doc>Logs the given message with the given level.</doc>
<status status="PASS" start="2025-05-21T17:36:35.574497" elapsed="0.008116"/>
</kw>
<kw name="Log" owner="BuiltIn">
<msg time="2025-05-21T17:36:35.582613" level="INFO">Responded------: $&gt;</msg>
<arg>Responded------: ${data}</arg>
<arg>console=True</arg>
<doc>Logs the given message with the given level.</doc>
<status status="PASS" start="2025-05-21T17:36:35.582613" elapsed="0.000000"/>
</kw>
<if>
<branch type="IF" condition="$value!=None">
<kw name="Run Keyword And Continue On Failure" owner="BuiltIn">
<kw name="Compare Data" owner="Compare">
<arg>\nSending Command: ${command}</arg>
<arg>${data}</arg>
<arg>${value}</arg>
<status status="PASS" start="2025-05-21T17:36:35.582613" elapsed="0.000000"/>
</kw>
<msg time="2025-05-21T17:36:35.582613" level="INFO">${data} = True</msg>
<var>${data}</var>
<arg>Compare.Compare Data</arg>
<arg>\nSending Command: ${command}</arg>
<arg>${data}</arg>
<arg>${value}</arg>
<doc>Runs the keyword and continues execution even if a failure occurs.</doc>
<status status="PASS" start="2025-05-21T17:36:35.582613" elapsed="0.000000"/>
</kw>
<kw name="Run Keyword And Continue On Failure" owner="BuiltIn">
<kw name="Should Be Equal" owner="BuiltIn">
<arg>${data}</arg>
<arg>True</arg>
<doc>Fails if the given objects are unequal.</doc>
<status status="PASS" start="2025-05-21T17:36:35.582613" elapsed="0.000000"/>
</kw>
<arg>Should Be Equal</arg>
<arg>${data}</arg>
<arg>True</arg>
<doc>Runs the keyword and continues execution even if a failure occurs.</doc>
<status status="PASS" start="2025-05-21T17:36:35.582613" elapsed="0.000000"/>
</kw>
<status status="PASS" start="2025-05-21T17:36:35.582613" elapsed="0.000000"/>
</branch>
<status status="PASS" start="2025-05-21T17:36:35.582613" elapsed="0.000000"/>
</if>
<return>
<value>${data}</value>
<status status="PASS" start="2025-05-21T17:36:35.582613" elapsed="0.000000"/>
</return>
<arg>$U001800082054657374220A7D</arg>
<arg>$&gt;</arg>
<status status="PASS" start="2025-05-21T17:36:30.558200" elapsed="5.024413"/>
</kw>
<kw name="Send" owner="Keywords">
<kw name="Log" owner="BuiltIn">
<msg time="2025-05-21T17:36:35.598317" level="INFO">
Sending Command: $CABEN00</msg>
<arg>\nSending Command: ${command}</arg>
<arg>console=True</arg>
<doc>Logs the given message with the given level.</doc>
<status status="PASS" start="2025-05-21T17:36:35.598317" elapsed="0.000000"/>
</kw>
<kw name="Send Command" owner="HHSKeywords">
<msg time="2025-05-21T17:36:40.608461" level="INFO">${data} = $&gt;</msg>
<var>${data}</var>
<arg>${command}</arg>
<status status="PASS" start="2025-05-21T17:36:35.598317" elapsed="5.010144"/>
</kw>
<kw name="Log" owner="BuiltIn">
<msg time="2025-05-21T17:36:40.608461" level="INFO">Expected-------: $&gt;</msg>
<arg>Expected-------: ${value}</arg>
<arg>console=True</arg>
<doc>Logs the given message with the given level.</doc>
<status status="PASS" start="2025-05-21T17:36:40.608461" elapsed="0.000000"/>
</kw>
<kw name="Log" owner="BuiltIn">
<msg time="2025-05-21T17:36:40.608461" level="INFO">Responded------: $&gt;</msg>
<arg>Responded------: ${data}</arg>
<arg>console=True</arg>
<doc>Logs the given message with the given level.</doc>
<status status="PASS" start="2025-05-21T17:36:40.608461" elapsed="0.000000"/>
</kw>
<if>
<branch type="IF" condition="$value!=None">
<kw name="Run Keyword And Continue On Failure" owner="BuiltIn">
<kw name="Compare Data" owner="Compare">
<arg>\nSending Command: ${command}</arg>
<arg>${data}</arg>
<arg>${value}</arg>
<status status="PASS" start="2025-05-21T17:36:40.608461" elapsed="0.000000"/>
</kw>
<msg time="2025-05-21T17:36:40.608461" level="INFO">${data} = True</msg>
<var>${data}</var>
<arg>Compare.Compare Data</arg>
<arg>\nSending Command: ${command}</arg>
<arg>${data}</arg>
<arg>${value}</arg>
<doc>Runs the keyword and continues execution even if a failure occurs.</doc>
<status status="PASS" start="2025-05-21T17:36:40.608461" elapsed="0.000000"/>
</kw>
<kw name="Run Keyword And Continue On Failure" owner="BuiltIn">
<kw name="Should Be Equal" owner="BuiltIn">
<arg>${data}</arg>
<arg>True</arg>
<doc>Fails if the given objects are unequal.</doc>
<status status="PASS" start="2025-05-21T17:36:40.608461" elapsed="0.000000"/>
</kw>
<arg>Should Be Equal</arg>
<arg>${data}</arg>
<arg>True</arg>
<doc>Runs the keyword and continues execution even if a failure occurs.</doc>
<status status="PASS" start="2025-05-21T17:36:40.608461" elapsed="0.000000"/>
</kw>
<status status="PASS" start="2025-05-21T17:36:40.608461" elapsed="0.000000"/>
</branch>
<status status="PASS" start="2025-05-21T17:36:40.608461" elapsed="0.000000"/>
</if>
<return>
<value>${data}</value>
<status status="PASS" start="2025-05-21T17:36:40.608461" elapsed="0.000000"/>
</return>
<arg>$CABEN00</arg>
<arg>$&gt;</arg>
<status status="PASS" start="2025-05-21T17:36:35.598317" elapsed="5.010144"/>
</kw>
<kw name="Send" owner="Keywords">
<kw name="Log" owner="BuiltIn">
<msg time="2025-05-21T17:36:40.608461" level="INFO">
Sending Command: $Ar</msg>
<arg>\nSending Command: ${command}</arg>
<arg>console=True</arg>
<doc>Logs the given message with the given level.</doc>
<status status="PASS" start="2025-05-21T17:36:40.608461" elapsed="0.008523"/>
</kw>
<kw name="Send Command" owner="HHSKeywords">
<msg time="2025-05-21T17:36:45.646933" level="INFO">Python WNDPROC handler failed
Traceback (most recent call last):
  File "C:\Users\vtvu\AppData\Local\Programs\Python\Python312\Lib\site-packages\testmate\Devices\Devices_Libs\usb_listener.py", line 88, in device_change_handler
    self.on_disconnect_callback(device_info)
  File "C:\Users\vtvu\AppData\Local\Programs\Python\Python312\Lib\site-packages\testmate\Devices\Devices_Libs\SerialProtocol.py", line 50, in _on_device_disconnection
    raise ConnectionError(msg)
ConnectionError: ConnectionError a device has been disconnected. Device name: \\?\USB#VID_05F9&amp;PID_4204#5&amp;c1ffe37&amp;0&amp;1#{86e0d1e0-8089-11d0-9ce4-08003e301f73} Status: Disconnected
Python WNDPROC handler failed
Traceback (most recent call last):
  File "C:\Users\vtvu\AppData\Local\Programs\Python\Python312\Lib\site-packages\testmate\Devices\Devices_Libs\usb_listener.py", line 88, in device_change_handler
    self.on_disconnect_callback(device_info)
  File "C:\Users\vtvu\AppData\Local\Programs\Python\Python312\Lib\site-packages\testmate\Devices\Devices_Libs\SerialProtocol.py", line 50, in _on_device_disconnection
    raise ConnectionError(msg)
ConnectionError: ConnectionError a device has been disconnected. Device name: \\?\USB#VID_05F9&amp;PID_4204#5&amp;c1ffe37&amp;0&amp;1#{40994dfa-45a8-4da7-8b58-acc2d7cea825} Status: Disconnected
Python WNDPROC handler failed
Traceback (most recent call last):
  File "C:\Users\vtvu\AppData\Local\Programs\Python\Python312\Lib\site-packages\testmate\Devices\Devices_Libs\usb_listener.py", line 88, in device_change_handler
    self.on_disconnect_callback(device_info)
  File "C:\Users\vtvu\AppData\Local\Programs\Python\Python312\Lib\site-packages\testmate\Devices\Devices_Libs\SerialProtocol.py", line 50, in _on_device_disconnection
    raise ConnectionError(msg)
ConnectionError: ConnectionError a device has been disconnected. Device name: \\?\USB#VID_05F9&amp;PID_4204#5&amp;c1ffe37&amp;0&amp;1#{a5dcbf10-6530-11d2-901f-00c04fb951ed} Status: Disconnected</msg>
<msg time="2025-05-21T17:36:45.646933" level="INFO">${data} = $&gt;</msg>
<var>${data}</var>
<arg>${command}</arg>
<status status="PASS" start="2025-05-21T17:36:40.616984" elapsed="5.029949"/>
</kw>
<kw name="Log" owner="BuiltIn">
<msg time="2025-05-21T17:36:45.646933" level="INFO">Expected-------: $&gt;</msg>
<arg>Expected-------: ${value}</arg>
<arg>console=True</arg>
<doc>Logs the given message with the given level.</doc>
<status status="PASS" start="2025-05-21T17:36:45.646933" elapsed="0.000000"/>
</kw>
<kw name="Log" owner="BuiltIn">
<msg time="2025-05-21T17:36:45.646933" level="INFO">Responded------: $&gt;</msg>
<arg>Responded------: ${data}</arg>
<arg>console=True</arg>
<doc>Logs the given message with the given level.</doc>
<status status="PASS" start="2025-05-21T17:36:45.646933" elapsed="0.010123"/>
</kw>
<if>
<branch type="IF" condition="$value!=None">
<kw name="Run Keyword And Continue On Failure" owner="BuiltIn">
<kw name="Compare Data" owner="Compare">
<arg>\nSending Command: ${command}</arg>
<arg>${data}</arg>
<arg>${value}</arg>
<status status="PASS" start="2025-05-21T17:36:45.657056" elapsed="0.000000"/>
</kw>
<msg time="2025-05-21T17:36:45.657056" level="INFO">${data} = True</msg>
<var>${data}</var>
<arg>Compare.Compare Data</arg>
<arg>\nSending Command: ${command}</arg>
<arg>${data}</arg>
<arg>${value}</arg>
<doc>Runs the keyword and continues execution even if a failure occurs.</doc>
<status status="PASS" start="2025-05-21T17:36:45.657056" elapsed="0.000000"/>
</kw>
<kw name="Run Keyword And Continue On Failure" owner="BuiltIn">
<kw name="Should Be Equal" owner="BuiltIn">
<arg>${data}</arg>
<arg>True</arg>
<doc>Fails if the given objects are unequal.</doc>
<status status="PASS" start="2025-05-21T17:36:45.657056" elapsed="0.000000"/>
</kw>
<arg>Should Be Equal</arg>
<arg>${data}</arg>
<arg>True</arg>
<doc>Runs the keyword and continues execution even if a failure occurs.</doc>
<status status="PASS" start="2025-05-21T17:36:45.657056" elapsed="0.000000"/>
</kw>
<status status="PASS" start="2025-05-21T17:36:45.657056" elapsed="0.000000"/>
</branch>
<status status="PASS" start="2025-05-21T17:36:45.657056" elapsed="0.000000"/>
</if>
<return>
<value>${data}</value>
<status status="PASS" start="2025-05-21T17:36:45.657056" elapsed="0.000000"/>
</return>
<arg>$Ar</arg>
<arg>$&gt;</arg>
<status status="PASS" start="2025-05-21T17:36:40.608461" elapsed="5.048595"/>
</kw>
<kw name="Read" owner="Keywords">
<kw name="Log" owner="BuiltIn">
<msg time="2025-05-21T17:36:45.657056" level="INFO">
Reading label: Code128_ABCabc</msg>
<arg>\nReading label: ${image_name}</arg>
<arg>console=True</arg>
<doc>Logs the given message with the given level.</doc>
<status status="PASS" start="2025-05-21T17:36:45.657056" elapsed="0.000000"/>
</kw>
<kw name="Run Keyword And Continue On Failure" owner="BuiltIn">
<kw name="Read Label" owner="HHSKeywords">
<arg>${current_directory}</arg>
<arg>${image_name}</arg>
<status status="PASS" start="2025-05-21T17:36:45.657056" elapsed="0.000000"/>
</kw>
<msg time="2025-05-21T17:36:45.657056" level="INFO">${data} = None</msg>
<var>${data}</var>
<arg>Read Label</arg>
<arg>${current_directory}</arg>
<arg>${image_name}</arg>
<doc>Runs the keyword and continues execution even if a failure occurs.</doc>
<status status="PASS" start="2025-05-21T17:36:45.657056" elapsed="0.000000"/>
</kw>
<kw name="Log" owner="BuiltIn">
<msg time="2025-05-21T17:36:45.657056" level="INFO">Expected-----: ULE Test</msg>
<arg>Expected-----: ${value}</arg>
<arg>console=True</arg>
<doc>Logs the given message with the given level.</doc>
<status status="PASS" start="2025-05-21T17:36:45.657056" elapsed="0.000000"/>
</kw>
<kw name="Log" owner="BuiltIn">
<msg time="2025-05-21T17:36:45.657056" level="INFO">Responded----: None</msg>
<arg>Responded----: ${data}</arg>
<arg>console=True</arg>
<doc>Logs the given message with the given level.</doc>
<status status="PASS" start="2025-05-21T17:36:45.657056" elapsed="0.000000"/>
</kw>
<kw name="LogImage" owner="Keywords">
<kw name="Set Variable" owner="BuiltIn">
<msg time="2025-05-21T17:36:45.657056" level="INFO">${data} = C:\Cong Viec\Demo\hhsautomation\Data\ULE\Code128_ABCabc.jpg</msg>
<var>${data}</var>
<arg>${current_directory}\\${image_name}.jpg</arg>
<doc>Returns the given values which can then be assigned to a variables.</doc>
<status status="PASS" start="2025-05-21T17:36:45.657056" elapsed="0.000000"/>
</kw>
<kw name="Log" owner="BuiltIn">
<msg time="2025-05-21T17:36:45.657056" level="INFO" html="true">&lt;img src=C:\Cong Viec\Demo\hhsautomation\Data\ULE\Code128_ABCabc.jpg&gt;</msg>
<arg>&lt;img src=${data}&gt;</arg>
<arg>html=true</arg>
<doc>Logs the given message with the given level.</doc>
<status status="PASS" start="2025-05-21T17:36:45.657056" elapsed="0.000000"/>
</kw>
<arg>${image_name}</arg>
<status status="PASS" start="2025-05-21T17:36:45.657056" elapsed="0.000000"/>
</kw>
<if>
<branch type="IF" condition="$value!=None">
<kw name="Run Keyword And Continue On Failure" owner="BuiltIn">
<kw name="Compare Data" owner="Compare">
<msg time="2025-05-21T17:36:45.657056" level="FAIL">AttributeError: 'NoneType' object has no attribute 'strip'</msg>
<arg>\nReading label: ${image_name}</arg>
<arg>${data}</arg>
<arg>${value}</arg>
<status status="FAIL" start="2025-05-21T17:36:45.657056" elapsed="0.016198">AttributeError: 'NoneType' object has no attribute 'strip'</status>
</kw>
<msg time="2025-05-21T17:36:45.673254" level="INFO">${data} = None</msg>
<var>${data}</var>
<arg>Compare.Compare Data</arg>
<arg>\nReading label: ${image_name}</arg>
<arg>${data}</arg>
<arg>${value}</arg>
<doc>Runs the keyword and continues execution even if a failure occurs.</doc>
<status status="FAIL" start="2025-05-21T17:36:45.657056" elapsed="0.016198">AttributeError: 'NoneType' object has no attribute 'strip'</status>
</kw>
<kw name="Run Keyword And Continue On Failure" owner="BuiltIn">
<kw name="Should Be Equal" owner="BuiltIn">
<msg time="2025-05-21T17:36:45.673254" level="INFO">Argument types are:
&lt;class 'NoneType'&gt;
&lt;class 'str'&gt;</msg>
<msg time="2025-05-21T17:36:45.673254" level="FAIL">None != True</msg>
<arg>${data}</arg>
<arg>True</arg>
<doc>Fails if the given objects are unequal.</doc>
<status status="FAIL" start="2025-05-21T17:36:45.673254" elapsed="0.000000">None != True</status>
</kw>
<arg>Should Be Equal</arg>
<arg>${data}</arg>
<arg>True</arg>
<doc>Runs the keyword and continues execution even if a failure occurs.</doc>
<status status="FAIL" start="2025-05-21T17:36:45.673254" elapsed="0.000000">None != True</status>
</kw>
<status status="FAIL" start="2025-05-21T17:36:45.657056" elapsed="0.016198">Several failures occurred:

1) AttributeError: 'NoneType' object has no attribute 'strip'

2) None != True</status>
</branch>
<status status="FAIL" start="2025-05-21T17:36:45.657056" elapsed="0.016198">Several failures occurred:

1) AttributeError: 'NoneType' object has no attribute 'strip'

2) None != True</status>
</if>
<return>
<value>${data}</value>
<status status="PASS" start="2025-05-21T17:36:45.673254" elapsed="0.000000"/>
</return>
<arg>Code128_ABCabc</arg>
<arg>ULE Test</arg>
<status status="FAIL" start="2025-05-21T17:36:45.657056" elapsed="0.016198">Several failures occurred:

1) AttributeError: 'NoneType' object has no attribute 'strip'

2) None != True</status>
</kw>
<kw name="Send" owner="Keywords">
<kw name="Log" owner="BuiltIn">
<msg time="2025-05-21T17:36:45.673254" level="INFO">
Sending Command: R</msg>
<arg>\nSending Command: ${command}</arg>
<arg>console=True</arg>
<doc>Logs the given message with the given level.</doc>
<status status="PASS" start="2025-05-21T17:36:45.673254" elapsed="0.000000"/>
</kw>
<kw name="Send Command" owner="HHSKeywords">
<msg time="2025-05-21T17:36:45.688890" level="FAIL">SerialException: Cannot configure port, something went wrong. Original message: PermissionError(13, 'A device attached to the system is not functioning.', None, 31)</msg>
<var>${data}</var>
<arg>${command}</arg>
<status status="FAIL" start="2025-05-21T17:36:45.673254" elapsed="0.096649">SerialException: Cannot configure port, something went wrong. Original message: PermissionError(13, 'A device attached to the system is not functioning.', None, 31)</status>
</kw>
<kw name="Log" owner="BuiltIn">
<arg>Expected-------: ${value}</arg>
<arg>console=True</arg>
<doc>Logs the given message with the given level.</doc>
<status status="NOT RUN" start="2025-05-21T17:36:45.769903" elapsed="0.000000"/>
</kw>
<kw name="Log" owner="BuiltIn">
<arg>Responded------: ${data}</arg>
<arg>console=True</arg>
<doc>Logs the given message with the given level.</doc>
<status status="NOT RUN" start="2025-05-21T17:36:45.769903" elapsed="0.000000"/>
</kw>
<if>
<branch type="IF" condition="$value!=None">
<kw name="Run Keyword And Continue On Failure" owner="BuiltIn">
<var>${data}</var>
<arg>Compare.Compare Data</arg>
<arg>\nSending Command: ${command}</arg>
<arg>${data}</arg>
<arg>${value}</arg>
<doc>Runs the keyword and continues execution even if a failure occurs.</doc>
<status status="NOT RUN" start="2025-05-21T17:36:45.769903" elapsed="0.000000"/>
</kw>
<kw name="Run Keyword And Continue On Failure" owner="BuiltIn">
<arg>Should Be Equal</arg>
<arg>${data}</arg>
<arg>True</arg>
<doc>Runs the keyword and continues execution even if a failure occurs.</doc>
<status status="NOT RUN" start="2025-05-21T17:36:45.769903" elapsed="0.000000"/>
</kw>
<status status="NOT RUN" start="2025-05-21T17:36:45.769903" elapsed="0.000000"/>
</branch>
<status status="NOT RUN" start="2025-05-21T17:36:45.769903" elapsed="0.000000"/>
</if>
<return>
<value>${data}</value>
<status status="NOT RUN" start="2025-05-21T17:36:45.769903" elapsed="0.000000"/>
</return>
<arg>R</arg>
<status status="FAIL" start="2025-05-21T17:36:45.673254" elapsed="0.096649">SerialException: Cannot configure port, something went wrong. Original message: PermissionError(13, 'A device attached to the system is not functioning.', None, 31)</status>
</kw>
<kw name="Read" owner="Keywords">
<arg>Code128_ABCabc</arg>
<arg>ULE Test</arg>
<status status="NOT RUN" start="2025-05-21T17:36:45.769903" elapsed="0.000000"/>
</kw>
<doc>Verify that when the HH reset, ULE script still in non-volatile memory and no disable
OutStructureDefault.ule</doc>
<tag>LEO_C</tag>
<tag>PGS_C</tag>
<tag>RS232_OPOS</tag>
<tag>RS232_STD</tag>
<tag>RS232_WN</tag>
<tag>USB_COM</tag>
<tag>USB_CPS</tag>
<status status="FAIL" start="2025-05-21T17:36:15.468077" elapsed="30.301826">Several failures occurred:

1) AttributeError: 'NoneType' object has no attribute 'strip'

2) None != True

3) SerialException: Cannot configure port, something went wrong. Original message: PermissionError(13, 'A device attached to the system is not functioning.', None, 31)</status>
</test>
<kw name="Close Connection" owner="Keywords" type="TEARDOWN">
<kw name="Close" owner="HHSKeywords">
<msg time="2025-05-21T17:36:45.783414" level="INFO">${data} = None</msg>
<var>${data}</var>
<status status="PASS" start="2025-05-21T17:36:45.783414" elapsed="0.000000"/>
</kw>
<kw name="Log" owner="BuiltIn">
<msg time="2025-05-21T17:36:45.783414" level="INFO">"Close Connection: " None</msg>
<arg>"Close Connection: " ${data}</arg>
<arg>console=true</arg>
<doc>Logs the given message with the given level.</doc>
<status status="PASS" start="2025-05-21T17:36:45.783414" elapsed="0.000000"/>
</kw>
<status status="PASS" start="2025-05-21T17:36:45.783414" elapsed="0.000000"/>
</kw>
<doc>See [https://rationalcld.dl.net/rm/web#action=com.ibm.rdm.web.pages.showArtifactPage&amp;artifactURI=https%3A%2F%2Frationalcld.dl.net%2Frm%2Fresources%2FTX_tOVeBmIKFU1AVWtBzIbWZQ&amp;oslc_config.context=https%3A%2F%2Frationalcld.dl.net%2Fgc%2Fconfiguration%2F533&amp;componentURI=https%3A%2F%2Frationalcld.dl.net%2Frm%2Frm-projects%2F_m3Lwca_8Eeew0scXiQZ_Ag%2Fcomponents%2F_Hl8QMK_-Eeew0scXiQZ_Ag]|JAZZ requirement]
53368:  Script storage
The script shall be stored in non-volatile memory.</doc>
<status status="FAIL" start="2025-05-21T17:35:59.043882" elapsed="46.739532"/>
</suite>
<statistics>
<total>
<stat pass="0" fail="1" skip="0">All Tests</stat>
</total>
<tag>
<stat pass="0" fail="1" skip="0">LEO_C</stat>
<stat pass="0" fail="1" skip="0">PGS_C</stat>
<stat pass="0" fail="1" skip="0">RS232_OPOS</stat>
<stat pass="0" fail="1" skip="0">RS232_STD</stat>
<stat pass="0" fail="1" skip="0">RS232_WN</stat>
<stat pass="0" fail="1" skip="0">USB_COM</stat>
<stat pass="0" fail="1" skip="0">USB_CPS</stat>
</tag>
<suite>
<stat pass="0" fail="1" skip="0" id="s1" name="AT UL 53368 ScriptStorage">AT UL 53368 ScriptStorage</stat>
</suite>
</statistics>
<errors>
</errors>
</robot>
